[1226/160855.865:ERROR:directory_reader_win.cc(43)] FindFirstFile: The system cannot find the path specified. (0x3)
[1226/161443.804:ERROR:directory_reader_win.cc(43)] FindFirstFile: The system cannot find the path specified. (0x3)
[1226/161542.663:ERROR:directory_reader_win.cc(43)] FindFirstFile: The system cannot find the path specified. (0x3)
[1226/161705.369:ERROR:directory_reader_win.cc(43)] FindFirstFile: The system cannot find the path specified. (0x3)
[1226/165637.128:ERROR:directory_reader_win.cc(43)] FindFirstFile: The system cannot find the path specified. (0x3)
[1226/173125.438:ERROR:directory_reader_win.cc(43)] FindFirstFile: The system cannot find the path specified. (0x3)
[1227/002050.707:ERROR:directory_reader_win.cc(43)] FindFirstFile: The system cannot find the path specified. (0x3)
[1227/002252.078:ERROR:process_reader_win.cc(123)] NtOpenThread: {Access Denied} A process has requested access to an object, but has not been granted those access rights. (0xc0000022)
[1227/002252.097:ERROR:exception_snapshot_win.cc(99)] thread ID 12964 not found in process
[1227/002252.613:ERROR:process_reader_win.cc(151)] SuspendThread: Access is denied. (0x5)
[1227/002252.613:ERROR:process_reader_win.cc(151)] SuspendThread: Access is denied. (0x5)
[1227/002252.613:ERROR:process_reader_win.cc(151)] SuspendThread: Access is denied. (0x5)
[1227/002252.613:ERROR:process_reader_win.cc(151)] SuspendThread: Access is denied. (0x5)
[1227/002252.613:ERROR:process_reader_win.cc(151)] SuspendThread: Access is denied. (0x5)
[1227/002252.613:ERROR:process_reader_win.cc(151)] SuspendThread: Access is denied. (0x5)
[1227/002252.613:ERROR:process_reader_win.cc(123)] NtOpenThread: {Access Denied} A process has requested access to an object, but has not been granted those access rights. (0xc0000022)
[1227/002252.614:ERROR:exception_snapshot_win.cc(99)] thread ID 14444 not found in process
[1227/002253.106:ERROR:process_reader_win.cc(123)] NtOpenThread: {Access Denied} A process has requested access to an object, but has not been granted those access rights. (0xc0000022)
[1227/002253.108:ERROR:exception_snapshot_win.cc(99)] thread ID 21372 not found in process
[1227/002253.362:ERROR:process_reader_win.cc(151)] SuspendThread: Access is denied. (0x5)
[1227/002253.363:ERROR:process_reader_win.cc(151)] SuspendThread: Access is denied. (0x5)
[1227/002253.363:ERROR:process_reader_win.cc(151)] SuspendThread: Access is denied. (0x5)
[1227/002253.363:ERROR:process_reader_win.cc(151)] SuspendThread: Access is denied. (0x5)
[1227/002253.363:ERROR:exception_snapshot_win.cc(99)] thread ID 16028 not found in process
[1227/002258.297:ERROR:process_info.cc(329)] VirtualQueryEx: Access is denied. (0x5)
[1227/002258.297:ERROR:process_info.cc(556)] ReadMemoryInfo failed
[1227/002258.297:ERROR:process_memory_win.cc(39)] Failed to initialize ProcessInfo.
[1227/002258.298:ERROR:scoped_process_suspend.cc(40)] NtResumeProcess: An attempt was made to access an exiting process. (0xc000010a)
[1227/002258.562:ERROR:process_reader_win.cc(151)] SuspendThread: Access is denied. (0x5)
[1227/002258.562:ERROR:process_reader_win.cc(151)] SuspendThread: Access is denied. (0x5)
[1227/002258.563:ERROR:process_reader_win.cc(151)] SuspendThread: Access is denied. (0x5)
[1227/002258.563:ERROR:process_reader_win.cc(151)] SuspendThread: Access is denied. (0x5)
[1227/002258.563:ERROR:process_reader_win.cc(151)] SuspendThread: Access is denied. (0x5)
[1227/002258.563:ERROR:process_reader_win.cc(123)] NtOpenThread: {Access Denied} A process has requested access to an object, but has not been granted those access rights. (0xc0000022)
[1227/002258.563:ERROR:exception_snapshot_win.cc(99)] thread ID 20420 not found in process
[1227/172001.386:ERROR:directory_reader_win.cc(43)] FindFirstFile: The system cannot find the path specified. (0x3)
[1227/172539.777:ERROR:directory_reader_win.cc(43)] FindFirstFile: The system cannot find the path specified. (0x3)
[1227/172827.661:ERROR:directory_reader_win.cc(43)] FindFirstFile: The system cannot find the path specified. (0x3)
[1227/204430.724:ERROR:process_reader_win.cc(123)] NtOpenThread: {Access Denied} A process has requested access to an object, but has not been granted those access rights. (0xc0000022)
[1227/204430.837:ERROR:exception_snapshot_win.cc(99)] thread ID 18200 not found in process
[1227/204430.716:ERROR:process_reader_win.cc(123)] NtOpenThread: {Access Denied} A process has requested access to an object, but has not been granted those access rights. (0xc0000022)
[1227/204430.837:ERROR:exception_snapshot_win.cc(99)] thread ID 6444 not found in process
[1227/204430.838:ERROR:scoped_process_suspend.cc(40)] NtResumeProcess: An attempt was made to access an exiting process. (0xc000010a)
[1227/204430.837:ERROR:scoped_process_suspend.cc(40)] NtResumeProcess: An attempt was made to access an exiting process. (0xc000010a)
[1228/002812.309:ERROR:directory_reader_win.cc(43)] FindFirstFile: The system cannot find the path specified. (0x3)
[1228/003417.603:ERROR:directory_reader_win.cc(43)] FindFirstFile: The system cannot find the path specified. (0x3)
[1228/003709.370:ERROR:directory_reader_win.cc(43)] FindFirstFile: The system cannot find the path specified. (0x3)
[1228/003925.116:ERROR:directory_reader_win.cc(43)] FindFirstFile: The system cannot find the path specified. (0x3)
[1228/011804.081:ERROR:process_reader_win.cc(123)] NtOpenThread: {Access Denied} A process has requested access to an object, but has not been granted those access rights. (0xc0000022)
[1228/011804.103:ERROR:exception_snapshot_win.cc(99)] thread ID 11196 not found in process
[1228/011804.384:ERROR:process_reader_win.cc(151)] SuspendThread: Access is denied. (0x5)
[1228/011804.384:ERROR:process_reader_win.cc(151)] SuspendThread: Access is denied. (0x5)
[1228/011804.384:ERROR:process_reader_win.cc(151)] SuspendThread: Access is denied. (0x5)
[1228/011804.384:ERROR:process_reader_win.cc(151)] SuspendThread: Access is denied. (0x5)
[1228/011804.384:ERROR:process_reader_win.cc(151)] SuspendThread: Access is denied. (0x5)
[1228/011804.384:ERROR:process_reader_win.cc(123)] NtOpenThread: {Access Denied} A process has requested access to an object, but has not been granted those access rights. (0xc0000022)
[1228/011804.384:ERROR:exception_snapshot_win.cc(99)] thread ID 12880 not found in process
[1228/013431.738:ERROR:directory_reader_win.cc(43)] FindFirstFile: The system cannot find the path specified. (0x3)
[1228/105736.286:ERROR:directory_reader_win.cc(43)] FindFirstFile: The system cannot find the path specified. (0x3)
[1228/110033.080:ERROR:directory_reader_win.cc(43)] FindFirstFile: The system cannot find the path specified. (0x3)
[1228/132434.521:ERROR:directory_reader_win.cc(43)] FindFirstFile: The system cannot find the path specified. (0x3)
[1228/141056.431:ERROR:directory_reader_win.cc(43)] FindFirstFile: The system cannot find the path specified. (0x3)
[1228/151709.785:ERROR:directory_reader_win.cc(43)] FindFirstFile: The system cannot find the path specified. (0x3)
[1230/165638.825:ERROR:directory_reader_win.cc(43)] FindFirstFile: The system cannot find the path specified. (0x3)
[1230/191003.297:ERROR:process_reader_win.cc(123)] NtOpenThread: {Access Denied} A process has requested access to an object, but has not been granted those access rights. (0xc0000022)
[1230/191003.269:ERROR:process_reader_win.cc(123)] NtOpenThread: {Access Denied} A process has requested access to an object, but has not been granted those access rights. (0xc0000022)
[1230/191003.447:ERROR:exception_snapshot_win.cc(99)] thread ID 13604 not found in process
[1230/191003.448:ERROR:exception_snapshot_win.cc(99)] thread ID 14352 not found in process
[1230/214411.627:ERROR:directory_reader_win.cc(43)] FindFirstFile: The system cannot find the path specified. (0x3)
[1230/214943.375:ERROR:directory_reader_win.cc(43)] FindFirstFile: The system cannot find the path specified. (0x3)
[1230/222259.289:ERROR:process_reader_win.cc(151)] SuspendThread: Access is denied. (0x5)
[1230/222259.289:ERROR:process_reader_win.cc(151)] SuspendThread: Access is denied. (0x5)
[1230/222259.289:ERROR:process_reader_win.cc(151)] SuspendThread: Access is denied. (0x5)
[1230/222259.289:ERROR:process_reader_win.cc(123)] NtOpenThread: {Access Denied} A process has requested access to an object, but has not been granted those access rights. (0xc0000022)
[1230/222259.289:ERROR:process_reader_win.cc(123)] NtOpenThread: {Access Denied} A process has requested access to an object, but has not been granted those access rights. (0xc0000022)
[1230/222259.301:ERROR:exception_snapshot_win.cc(99)] thread ID 10864 not found in process
[1230/222259.301:ERROR:exception_snapshot_win.cc(99)] thread ID 1404 not found in process
[1230/222259.663:ERROR:process_reader_win.cc(123)] NtOpenThread: {Access Denied} A process has requested access to an object, but has not been granted those access rights. (0xc0000022)
[1230/222259.663:ERROR:process_reader_win.cc(123)] NtOpenThread: {Access Denied} A process has requested access to an object, but has not been granted those access rights. (0xc0000022)
[1230/222259.663:ERROR:exception_snapshot_win.cc(99)] thread ID 16396 not found in process
[1230/222259.663:ERROR:exception_snapshot_win.cc(99)] thread ID 7376 not found in process
[1230/223439.081:ERROR:directory_reader_win.cc(43)] FindFirstFile: The system cannot find the path specified. (0x3)
[1230/224623.689:ERROR:directory_reader_win.cc(43)] FindFirstFile: The system cannot find the path specified. (0x3)
[1230/231707.502:ERROR:directory_reader_win.cc(43)] FindFirstFile: The system cannot find the path specified. (0x3)
[1230/232212.520:ERROR:directory_reader_win.cc(43)] FindFirstFile: The system cannot find the path specified. (0x3)
[1230/233128.007:ERROR:directory_reader_win.cc(43)] FindFirstFile: The system cannot find the path specified. (0x3)
[1231/020026.089:ERROR:process_reader_win.cc(123)] NtOpenThread: {Access Denied} A process has requested access to an object, but has not been granted those access rights. (0xc0000022)
[1231/020026.166:ERROR:exception_snapshot_win.cc(99)] thread ID 14352 not found in process
[1231/020029.285:ERROR:process_reader_win.cc(123)] NtOpenThread: {Access Denied} A process has requested access to an object, but has not been granted those access rights. (0xc0000022)
[1231/020029.285:ERROR:exception_snapshot_win.cc(99)] thread ID 15692 not found in process
[1231/020828.103:ERROR:process_reader_win.cc(123)] NtOpenThread: {Access Denied} A process has requested access to an object, but has not been granted those access rights. (0xc0000022)
[1231/020828.193:ERROR:exception_snapshot_win.cc(99)] thread ID 18012 not found in process
[1231/020828.298:ERROR:process_reader_win.cc(123)] NtOpenThread: {Access Denied} A process has requested access to an object, but has not been granted those access rights. (0xc0000022)
[1231/020828.298:ERROR:exception_snapshot_win.cc(99)] thread ID 6064 not found in process
[1231/022322.375:ERROR:directory_reader_win.cc(43)] FindFirstFile: The system cannot find the path specified. (0x3)
[1231/024106.777:ERROR:directory_reader_win.cc(43)] FindFirstFile: The system cannot find the path specified. (0x3)
[1231/030537.219:ERROR:directory_reader_win.cc(43)] FindFirstFile: The system cannot find the path specified. (0x3)
[1231/075442.315:ERROR:directory_reader_win.cc(43)] FindFirstFile: The system cannot find the path specified. (0x3)
[1231/081226.686:ERROR:directory_reader_win.cc(43)] FindFirstFile: The system cannot find the path specified. (0x3)
[1231/081731.632:ERROR:directory_reader_win.cc(43)] FindFirstFile: The system cannot find the path specified. (0x3)
[1231/082213.254:ERROR:directory_reader_win.cc(43)] FindFirstFile: The system cannot find the path specified. (0x3)
[1231/170110.431:ERROR:directory_reader_win.cc(43)] FindFirstFile: The system cannot find the path specified. (0x3)
[1231/172430.178:ERROR:directory_reader_win.cc(43)] FindFirstFile: The system cannot find the path specified. (0x3)
[1231/175806.453:ERROR:process_reader_win.cc(151)] SuspendThread: Access is denied. (0x5)
[1231/175806.503:ERROR:process_reader_win.cc(151)] SuspendThread: Access is denied. (0x5)
[1231/175806.463:ERROR:process_reader_win.cc(151)] SuspendThread: Access is denied. (0x5)
[1231/175806.503:ERROR:process_reader_win.cc(151)] SuspendThread: Access is denied. (0x5)
[1231/175806.503:ERROR:process_reader_win.cc(151)] SuspendThread: Access is denied. (0x5)
[1231/175806.547:ERROR:process_reader_win.cc(151)] SuspendThread: Access is denied. (0x5)
[1231/175806.547:ERROR:process_reader_win.cc(151)] SuspendThread: Access is denied. (0x5)
[1231/175806.547:ERROR:process_reader_win.cc(151)] SuspendThread: Access is denied. (0x5)
[1231/175806.547:ERROR:process_reader_win.cc(151)] SuspendThread: Access is denied. (0x5)
[1231/175806.547:ERROR:process_reader_win.cc(151)] SuspendThread: Access is denied. (0x5)
[1231/175806.547:ERROR:process_reader_win.cc(151)] SuspendThread: Access is denied. (0x5)
[1231/175806.547:ERROR:process_reader_win.cc(151)] SuspendThread: Access is denied. (0x5)
[1231/175806.547:ERROR:process_reader_win.cc(151)] SuspendThread: Access is denied. (0x5)
[1231/175806.548:ERROR:process_reader_win.cc(151)] SuspendThread: Access is denied. (0x5)
[1231/175806.548:ERROR:process_reader_win.cc(123)] NtOpenThread: {Access Denied} A process has requested access to an object, but has not been granted those access rights. (0xc0000022)
[1231/175806.547:ERROR:process_reader_win.cc(123)] NtOpenThread: {Access Denied} A process has requested access to an object, but has not been granted those access rights. (0xc0000022)
[1231/175806.547:ERROR:process_reader_win.cc(123)] NtOpenThread: {Access Denied} A process has requested access to an object, but has not been granted those access rights. (0xc0000022)
[1231/175806.657:ERROR:exception_snapshot_win.cc(99)] thread ID 16720 not found in process
[1231/175806.657:ERROR:exception_snapshot_win.cc(99)] thread ID 14748 not found in process
[1231/175806.547:ERROR:process_reader_win.cc(123)] NtOpenThread: {Access Denied} A process has requested access to an object, but has not been granted those access rights. (0xc0000022)
[1231/175806.547:ERROR:process_reader_win.cc(123)] NtOpenThread: {Access Denied} A process has requested access to an object, but has not been granted those access rights. (0xc0000022)
[1231/175806.657:ERROR:exception_snapshot_win.cc(99)] thread ID 12164 not found in process
[1231/175806.657:ERROR:exception_snapshot_win.cc(99)] thread ID 13236 not found in process
[1231/175806.657:ERROR:exception_snapshot_win.cc(99)] thread ID 8212 not found in process
[1231/180106.911:ERROR:process_reader_win.cc(151)] SuspendThread: Access is denied. (0x5)
[1231/180106.912:ERROR:process_reader_win.cc(123)] NtOpenThread: {Access Denied} A process has requested access to an object, but has not been granted those access rights. (0xc0000022)
[1231/180106.913:ERROR:exception_snapshot_win.cc(99)] thread ID 16940 not found in process
[1231/180106.972:ERROR:process_reader_win.cc(151)] SuspendThread: Access is denied. (0x5)
[1231/180106.972:ERROR:process_reader_win.cc(151)] SuspendThread: Access is denied. (0x5)
[1231/180106.972:ERROR:process_reader_win.cc(151)] SuspendThread: Access is denied. (0x5)
[1231/180106.972:ERROR:process_reader_win.cc(123)] NtOpenThread: {Access Denied} A process has requested access to an object, but has not been granted those access rights. (0xc0000022)
[1231/180106.972:ERROR:exception_snapshot_win.cc(99)] thread ID 5352 not found in process
[1231/203231.911:ERROR:directory_reader_win.cc(43)] FindFirstFile: The system cannot find the path specified. (0x3)
[0101/210536.288:ERROR:process_reader_win.cc(151)] SuspendThread: Access is denied. (0x5)
[0101/210536.290:ERROR:process_reader_win.cc(123)] NtOpenThread: {Access Denied} A process has requested access to an object, but has not been granted those access rights. (0xc0000022)
[0101/210536.297:ERROR:exception_snapshot_win.cc(99)] thread ID 18916 not found in process
[0101/210536.315:ERROR:process_reader_win.cc(123)] NtOpenThread: {Access Denied} A process has requested access to an object, but has not been granted those access rights. (0xc0000022)
[0101/210536.315:ERROR:exception_snapshot_win.cc(99)] thread ID 1272 not found in process
[0101/211208.012:ERROR:process_reader_win.cc(123)] NtOpenThread: {Access Denied} A process has requested access to an object, but has not been granted those access rights. (0xc0000022)
[0101/211208.013:ERROR:exception_snapshot_win.cc(99)] thread ID 11632 not found in process
[0101/211208.070:ERROR:process_reader_win.cc(123)] NtOpenThread: {Access Denied} A process has requested access to an object, but has not been granted those access rights. (0xc0000022)
[0101/211208.070:ERROR:exception_snapshot_win.cc(99)] thread ID 14600 not found in process
[0101/211849.251:ERROR:process_reader_win.cc(123)] NtOpenThread: {Access Denied} A process has requested access to an object, but has not been granted those access rights. (0xc0000022)
[0101/211849.252:ERROR:exception_snapshot_win.cc(99)] thread ID 15808 not found in process
[0101/211849.305:ERROR:process_reader_win.cc(123)] NtOpenThread: {Access Denied} A process has requested access to an object, but has not been granted those access rights. (0xc0000022)
[0101/211849.305:ERROR:exception_snapshot_win.cc(99)] thread ID 16396 not found in process
[0101/212725.020:ERROR:process_reader_win.cc(123)] NtOpenThread: {Access Denied} A process has requested access to an object, but has not been granted those access rights. (0xc0000022)
[0101/212725.023:ERROR:exception_snapshot_win.cc(99)] thread ID 8052 not found in process
[0101/212725.100:ERROR:process_reader_win.cc(123)] NtOpenThread: {Access Denied} A process has requested access to an object, but has not been granted those access rights. (0xc0000022)
[0101/212725.100:ERROR:exception_snapshot_win.cc(99)] thread ID 18376 not found in process
[0101/215102.730:ERROR:directory_reader_win.cc(43)] FindFirstFile: The system cannot find the path specified. (0x3)
[0101/223133.438:ERROR:directory_reader_win.cc(43)] FindFirstFile: The system cannot find the path specified. (0x3)
[0101/231900.987:ERROR:directory_reader_win.cc(43)] FindFirstFile: The system cannot find the path specified. (0x3)
[0101/232159.472:ERROR:directory_reader_win.cc(43)] FindFirstFile: The system cannot find the path specified. (0x3)
[0101/232711.819:ERROR:directory_reader_win.cc(43)] FindFirstFile: The system cannot find the path specified. (0x3)
[0105/131954.038:ERROR:directory_reader_win.cc(43)] FindFirstFile: The system cannot find the path specified. (0x3)
